Removed Member From Class: ClassName=U_Regulator Member=C11
Removed Member From Class: ClassName=U_PWM_OUTPUT Member=P8
Added Member To Class: ClassName=U_Regulator Member=Component C8 100uF
Added Member To Class: ClassName=U_Regulator Member=Component C10 106
Added Member To Class: ClassName=PLC_V1.0 Member=Component C12 103
Added Member To Class: ClassName=PLC_V1.0 Member=Component C14 1uF
Added Member To Class: ClassName=PLC_V1.0 Member=Component C16 22pF
Added Member To Class: ClassName=PLC_V1.0 Member=Component C18 4.7uF
Added Member To Class: ClassName=PLC_V1.0 Member=Component C20 4.7uF
Added Member To Class: ClassName=PLC_V1.0 Member=Component C22 104
Added Member To Class: ClassName=PLC_V1.0 Member=Component C24 104
Added Member To Class: ClassName=PLC_V1.0 Member=Component C26 104
Added Member To Class: ClassName=U_RS232 Member=Component C28 104
Added Member To Class: ClassName=U_RS232 Member=Component C30 104
Added Member To Class: ClassName=U_RS485 Member=Component C32 104
Added Member To Class: ClassName=U_RS485 Member=Component C34 1uF
Added Member To Class: ClassName=U_RS485 Member=Component C36 104
Added Member To Class: ClassName=U_RS485 Member=Component C38 104
Added Member To Class: ClassName=U_ESP32 Member=Component C40 22uF
Added Member To Class: ClassName=U_ESP32 Member=Component C42 4.7uF/6.3V
Added Member To Class: ClassName=U_ESP32 Member=Component C44 0.1uF/50V
Added Member To Class: ClassName=U_Regulator Member=Component P2 CON 2 EDG5.08
Added Member To Class: ClassName=U_D_INPUT Member=Component P3 CON 8 EDG5.08
Added Member To Class: ClassName=U_D_OUTPUT Member=Component P5 CON 5 EDG5.08
Added Member To Class: ClassName=U_PWM_OUTPUT Member=Component P7 CON 4 EDG5.08
Added Member To Class: ClassName=U_A_INPUT Member=Component P9 CON 8 EDG5.08
Added Member To Class: ClassName=U_RS485 Member=Component P10 CON 4 EDG5.08
Added Room: Name=PLC_V1.0
Added Room: Name=U_A_INPUT
Added Room: Name=U_D_INPUT
Added Room: Name=U_D_OUTPUT
Added Room: Name=U_ESP32
Added Room: Name=U_PWM_OUTPUT
Added Room: Name=U_Regulator
Added Room: Name=U_RS232
Added Room: Name=U_RS485
