Removed Pin From Net: NetName=TXD0 Pin=R79-1
Removed Pin From Net: NetName=RXD Pin=R79-2
Removed Pin From Net: NetName=RXD0 Pin=R81-1
Removed Pin From Net: NetName=TXD Pin=R81-2
Removed Pin From Net: NetName=RXD Pin=U28-25
Removed Member From Class: ClassName=U_ESP32 Member=R81
Change Component Designator: OldDesignator=R74 NewDesignator=R75
Change Component Designator: OldDesignator=R75 NewDesignator=R76
Change Component Designator: OldDesignator=R76 NewDesignator=R77
Change Component Designator: OldDesignator=R77 NewDesignator=R78
Change Component Designator: OldDesignator=R78 NewDesignator=R79
Added Component: Designator=R74(Tro SMD 0805)
Add component (AddParameter): Name = "Chung_Loai"; Value = "Dán"; VariantName = "[No Variations]"
Add component (AddParameter): Name = "Don_Vi"; Value = "Con"; VariantName = "[No Variations]"
Add component (AddParameter): Name = "Kieu_Chan"; Value = ""; VariantName = "[No Variations]"
Add component (AddParameter): Name = "Ma_Hang"; Value = "MH005341"; VariantName = "[No Variations]"
Add component (AddParameter): Name = "So_Chan"; Value = "2"; VariantName = "[No Variations]"
Add component (AddParameter): Name = "Ten_Linh_Kien"; Value = "Tr? 0805 5% 470R"; VariantName = "[No Variations]"
Added Pin To Net: NetName=RXD Pin=R74-2
Change Net Name : Old Net Name=NetR75_2 New Net Name=NetR76_2
Change Net Name : Old Net Name=NetR76_2 New Net Name=NetR77_2
Change Net Name : Old Net Name=NetR77_2 New Net Name=NetR78_2
Added Pin To Net: NetName=NetR74_1 Pin=R74-1
Added Pin To Net: NetName=NetR74_1 Pin=U28-25
Added Net: Name=NetR74_1
Added Room: Name=PLC_V1.0
Added Room: Name=U_A_INPUT
Added Room: Name=U_D_INPUT
Added Room: Name=U_D_OUTPUT
Added Room: Name=U_ESP32
Added Room: Name=U_PWM_OUTPUT
Added Room: Name=U_Regulator
Added Room: Name=U_RS232
Added Room: Name=U_RS485
