Removed Pin From Net: NetName=USB_N Pin=*1-34
Removed Pin From Net: NetName=USB_P Pin=*1-35
Removed Pin From Net: NetName=USB_P Pin=R73-2
Removed Pin From Net: NetName=USB_N Pin=R74-2
Change Net Name : Old Net Name=USB_N New Net Name=USB1_N
Change Net Name : Old Net Name=USB_P New Net Name=USB1_P
Added Pin To Net: NetName=USB_N Pin=*1-34
Added Pin To Net: NetName=USB_N Pin=R74-2
Added Net: Name=USB_N
Added Pin To Net: NetName=USB_P Pin=*1-35
Added Pin To Net: NetName=USB_P Pin=R73-2
Added Net: Name=USB_P
Added Differential Pair: Name=USB1
Added Room: Name=PLC_V1.0
Added Room: Name=U_A_INPUT
Added Room: Name=U_D_INPUT
Added Room: Name=U_D_OUTPUT
Added Room: Name=U_ESP32
Added Room: Name=U_PWM_OUTPUT
Added Room: Name=U_Regulator
Added Room: Name=U_RS232
Added Room: Name=U_RS485
