Removed Pin From Net: NetName=IN13 Pin=P3-1
Removed Pin From Net: NetName=IN12 Pin=P3-2
Removed Pin From Net: NetName=IN11 Pin=P3-3
Removed Pin From Net: NetName=IN10 Pin=P3-4
Removed Pin From Net: NetName=IN9 Pin=P3-5
Added Pin To Net: NetName=IN_9 Pin=P3-1
Added Net: Name=IN_9
Added Pin To Net: NetName=IN_10 Pin=P3-2
Added Net: Name=IN_10
Added Pin To Net: NetName=IN_11 Pin=P3-3
Added Net: Name=IN_11
Added Pin To Net: NetName=IN_12 Pin=P3-4
Added Net: Name=IN_12
Added Pin To Net: NetName=IN_13 Pin=P3-5
Added Net: Name=IN_13
Added Room: Name=PLC_V1.0
Added Room: Name=U_A_INPUT
Added Room: Name=U_D_INPUT
Added Room: Name=U_D_OUTPUT
Added Room: Name=U_ESP32
Added Room: Name=U_PWM_OUTPUT
Added Room: Name=U_Regulator
Added Room: Name=U_RS232
Added Room: Name=U_RS485
