Added Pin To Net: NetName=IN1 Pin=P2-1
Added Pin To Net: NetName=IN2 Pin=P2-2
Added Pin To Net: NetName=IN3 Pin=P2-3
Added Pin To Net: NetName=IN4 Pin=P2-4
Added Pin To Net: NetName=IN5 Pin=P2-5
Added Pin To Net: NetName=IN6 Pin=P2-6
Added Pin To Net: NetName=IN7 Pin=P2-7
Added Pin To Net: NetName=IN8 Pin=P2-8
Added Pin To Net: NetName=IN9 Pin=P3-1
Added Pin To Net: NetName=IN10 Pin=P3-2
Added Pin To Net: NetName=IN11 Pin=P3-3
Added Pin To Net: NetName=IN12 Pin=P3-4
Added Pin To Net: NetName=IN13 Pin=P3-5
Added Room: Name=PLC_V1.0
Added Room: Name=U_A_INPUT
Added Room: Name=U_D_INPUT
Added Room: Name=U_D_OUTPUT
Added Room: Name=U_ESP32
Added Room: Name=U_PWM_OUTPUT
Added Room: Name=U_Regulator
Added Room: Name=U_RS232
Added Room: Name=U_RS485
