Removed Pin From Net: NetName=IN8 Pin=P2-1
Removed Pin From Net: NetName=IN7 Pin=P2-2
Removed Pin From Net: NetName=IN6 Pin=P2-3
Removed Pin From Net: NetName=IN5 Pin=P2-4
Removed Pin From Net: NetName=IN4 Pin=P2-5
Removed Pin From Net: NetName=IN3 Pin=P2-6
Removed Pin From Net: NetName=IN2 Pin=P2-7
Removed Pin From Net: NetName=IN1 Pin=P2-8
Added Pin To Net: NetName=IN_1 Pin=P2-1
Added Net: Name=IN_1
Added Pin To Net: NetName=IN_2 Pin=P2-2
Added Net: Name=IN_2
Added Pin To Net: NetName=IN_3 Pin=P2-3
Added Net: Name=IN_3
Added Pin To Net: NetName=IN_4 Pin=P2-4
Added Net: Name=IN_4
Added Pin To Net: NetName=IN_5 Pin=P2-5
Added Net: Name=IN_5
Added Pin To Net: NetName=IN_6 Pin=P2-6
Added Net: Name=IN_6
Added Pin To Net: NetName=IN_7 Pin=P2-7
Added Net: Name=IN_7
Added Pin To Net: NetName=IN_8 Pin=P2-8
Added Net: Name=IN_8
Added Room: Name=PLC_V1.0
Added Room: Name=U_A_INPUT
Added Room: Name=U_D_INPUT
Added Room: Name=U_D_OUTPUT
Added Room: Name=U_ESP32
Added Room: Name=U_PWM_OUTPUT
Added Room: Name=U_Regulator
Added Room: Name=U_RS232
Added Room: Name=U_RS485
